<?xml version="1.0" encoding="UTF-8"?>
<robot generator="Robot 7.0 (Python 3.12.3 on win32)" generated="2024-05-25T23:22:09.140718" rpa="false" schemaversion="5">
<suite id="s1" name="Robot TesteAPI" source="C:\Users\acpenereiro\OneDrive - Stefanini\Documents\Projetos\Robot_TesteAPI">
<suite id="s1-s1" name="testeApi" source="C:\Users\acpenereiro\OneDrive - Stefanini\Documents\Projetos\Robot_TesteAPI\testeApi.robot">
<test id="s1-s1-t1" name="Cenário: Criar um novo usuário com POST" line="8">
<kw name="Dado que os avisos de TLS estão desativados" owner="testeApi_resource">
<kw name="Run Keyword And Ignore Error" owner="BuiltIn">
<kw name="Import Library" owner="BuiltIn">
<arg>urllib3</arg>
<doc>Imports a library with the given name and optional arguments.</doc>
<status status="PASS" start="2024-05-25T23:22:11.630300" elapsed="0.013999"/>
</kw>
<arg>Import Library</arg>
<arg>urllib3</arg>
<doc>Runs the given keyword with the given arguments and ignores possible error.</doc>
<status status="PASS" start="2024-05-25T23:22:11.627308" elapsed="0.017994"/>
</kw>
<kw name="Run Keyword And Ignore Error" owner="BuiltIn">
<kw name="Disable Warnings" owner="urllib3">
<doc>Helper for quickly disabling all urllib3 warnings.</doc>
<status status="PASS" start="2024-05-25T23:22:11.655273" elapsed="0.002998"/>
</kw>
<arg>urllib3.disable_warnings</arg>
<doc>Runs the given keyword with the given arguments and ignores possible error.</doc>
<status status="PASS" start="2024-05-25T23:22:11.651289" elapsed="0.007985"/>
</kw>
<doc>Desativa os avisos de TLS</doc>
<status status="PASS" start="2024-05-25T23:22:11.622320" elapsed="0.037940"/>
</kw>
<kw name="E criar uma sessão para a API" owner="testeApi_resource">
<kw name="Create Session" owner="RequestsLibrary">
<msg time="2024-05-25T23:22:11.669440" level="INFO">Creating Session using : alias=ReqresSession, url=https://reqres.in, headers={},                     cookies={}, auth=None, timeout=None, proxies=None, verify=False,                     debug=0 </msg>
<arg>${SESSION_ALIAS}</arg>
<arg>${BASE_URL}</arg>
<doc>Create Session: create a HTTP session to a server</doc>
<status status="PASS" start="2024-05-25T23:22:11.664748" elapsed="0.009653"/>
</kw>
<kw name="Create Dictionary" owner="BuiltIn">
<msg time="2024-05-25T23:22:11.679528" level="INFO">${headers} = {}</msg>
<var>${headers}</var>
<doc>Creates and returns a dictionary based on the given ``items``.</doc>
<status status="PASS" start="2024-05-25T23:22:11.676709" elapsed="0.006210"/>
</kw>
<kw name="Create Dictionary" owner="BuiltIn">
<msg time="2024-05-25T23:22:11.685375" level="INFO">&amp;{data} = { }</msg>
<var>&amp;{data}</var>
<doc>Creates and returns a dictionary based on the given ``items``.</doc>
<status status="PASS" start="2024-05-25T23:22:11.683382" elapsed="0.003276"/>
</kw>
<doc>Cria uma sessão para interagir com a API</doc>
<status status="PASS" start="2024-05-25T23:22:11.662257" elapsed="0.024985"/>
</kw>
<kw name="Quando enviar uma solicitação POST para criar um usuário" owner="testeApi_resource">
<kw name="POST On Session" owner="RequestsLibrary">
<msg time="2024-05-25T23:22:32.038574" level="FAIL">AttributeError: 'str' object has no attribute 'items'</msg>
<var>${response}</var>
<arg>${SESSION_ALIAS}</arg>
<arg>${ENDPOINT_CREATE}</arg>
<arg>json=${USER_DATA}</arg>
<arg>headers=${headers}</arg>
<doc>Sends a POST request on a previously created HTTP Session.</doc>
<status status="FAIL" start="2024-05-25T23:22:29.284487" elapsed="2.775054">AttributeError: 'str' object has no attribute 'items'</status>
</kw>
<doc>Envia uma solicitação POST para criar um usuário na API</doc>
<status status="FAIL" start="2024-05-25T23:22:11.698075" elapsed="20.890238">AttributeError: 'str' object has no attribute 'items'</status>
</kw>
<kw name="Então o usuário é criado com sucesso" owner="testeApi_resource">
<doc>Verifica se o usuário foi criado com sucesso</doc>
<status status="NOT RUN" start="2024-05-25T23:22:33.441755" elapsed="0.000995"/>
</kw>
<tag>create</tag>
<status status="FAIL" start="2024-05-25T23:22:11.617335" elapsed="21.829403">AttributeError: 'str' object has no attribute 'items'</status>
</test>
<status status="FAIL" start="2024-05-25T23:22:09.222549" elapsed="24.236075"/>
</suite>
<status status="FAIL" start="2024-05-25T23:22:09.159570" elapsed="24.311603"/>
</suite>
<statistics>
<total>
<stat pass="0" fail="1" skip="0">All Tests</stat>
</total>
<tag>
<stat pass="0" fail="1" skip="0">create</stat>
</tag>
<suite>
<stat pass="0" fail="1" skip="0" id="s1" name="Robot TesteAPI">Robot TesteAPI</stat>
<stat pass="0" fail="1" skip="0" id="s1-s1" name="testeApi">Robot TesteAPI.testeApi</stat>
</suite>
</statistics>
<errors>
</errors>
</robot>
